[2021-01-15 15:44:13]	compilation failed at : "d:\myfile_yan\BLE-MESH\BLE_O2N\src\user_app.c", exit code: 2
   在 unify_builder.Program.Main(String[] args)

[2021-01-15 15:44:20]	compilation failed at : "d:\myfile_yan\BLE-MESH\BLE_O2N\src\user_app.c", exit code: 2
   在 unify_builder.Program.Main(String[] args)

[2021-01-15 15:45:18]	[done]
	build successfully !

[2021-01-15 15:45:24]	[done]
	build successfully !

[2021-01-15 16:26:10]	[done]
	build successfully !

[2021-01-15 16:38:05]	[done]
	build successfully !

[2021-01-15 16:38:21]	[done]
	build successfully !

[2021-01-15 16:39:09]	[done]
	build successfully !

[2021-01-15 16:45:17]	link failed !, exit code: 2
   在 unify_builder.Program.Main(String[] args)

[2021-01-15 16:45:45]	[done]
	build successfully !

[2021-01-15 16:46:49]	link failed !, exit code: 2
   在 unify_builder.Program.Main(String[] args)

[2021-01-15 16:48:42]	[done]
	build successfully !

[2021-01-15 16:48:59]	[done]
	build successfully !

[2021-01-15 16:52:29]	[done]
	build successfully !

[2021-01-15 16:52:45]	[done]
	build successfully !

[2021-01-15 16:53:15]	[done]
	build successfully !

[2021-01-15 16:53:50]	[done]
	build successfully !

[2021-01-15 16:54:03]	[done]
	build successfully !

[2021-01-15 17:00:30]	[done]
	build successfully !

[2021-01-15 17:07:00]	[done]
	build successfully !

[2021-01-15 17:08:42]	[done]
	build successfully !

[2021-01-15 17:09:37]	[done]
	build successfully !

[2021-01-15 17:09:50]	[done]
	build successfully !

[2021-01-15 17:10:06]	[done]
	build successfully !

